<?xml version="1.0" encoding="UTF-8" ?>
<testsuite failures="0" time="0.053" errors="0" skipped="0" tests="1" name="in.timmauld.finance.taqimport.main.TaqAggregatorJobTest">
  <properties>
    <property name="java.runtime.name" value="Java(TM) SE Runtime Environment"/>
    <property name="sun.boot.library.path" value="/System/Library/Java/JavaVirtualMachines/1.6.0.jdk/Contents/Libraries"/>
    <property name="java.vm.version" value="20.45-b01-451"/>
    <property name="awt.nativeDoubleBuffering" value="true"/>
    <property name="gopherProxySet" value="false"/>
    <property name="mrj.build" value="11M4406"/>
    <property name="java.vm.vendor" value="Apple Inc."/>
    <property name="java.vendor.url" value="http://www.apple.com/"/>
    <property name="path.separator" value=":"/>
    <property name="java.vm.name" value="Java HotSpot(TM) 64-Bit Server VM"/>
    <property name="file.encoding.pkg" value="sun.io"/>
    <property name="user.country" value="US"/>
    <property name="sun.java.launcher" value="SUN_STANDARD"/>
    <property name="sun.os.patch.level" value="unknown"/>
    <property name="java.vm.specification.name" value="Java Virtual Machine Specification"/>
    <property name="user.dir" value="/Users/tmauldin/projects/finance-datamanipulation"/>
    <property name="java.runtime.version" value="1.6.0_45-b06-451-11M4406"/>
    <property name="java.awt.graphicsenv" value="apple.awt.CGraphicsEnvironment"/>
    <property name="basedir" value="/Users/tmauldin/projects/finance-datamanipulation"/>
    <property name="java.endorsed.dirs" value="/System/Library/Java/JavaVirtualMachines/1.6.0.jdk/Contents/Home/lib/endorsed"/>
    <property name="os.arch" value="x86_64"/>
    <property name="surefire.real.class.path" value="/Users/tmauldin/projects/finance-datamanipulation/target/surefire/surefirebooter7150163701313195377.jar"/>
    <property name="java.io.tmpdir" value="/var/folders/zh/1jwq7frd1vz8d4c3s_kl1hwr0000gn/T/"/>
    <property name="line.separator" value="
"/>
    <property name="java.vm.specification.vendor" value="Sun Microsystems Inc."/>
    <property name="os.name" value="Mac OS X"/>
    <property name="sun.jnu.encoding" value="MacRoman"/>
    <property name="java.library.path" value=".:/Library/Java/Extensions:/System/Library/Java/Extensions:/usr/lib/java"/>
    <property name="surefire.test.class.path" value="/Users/tmauldin/projects/finance-datamanipulation/target/test-classes:/Users/tmauldin/projects/finance-datamanipulation/target/classes:/Users/tmauldin/.m2/repository/org/apache/hadoop/hadoop-core/1.1.2/hadoop-core-1.1.2.jar:/Users/tmauldin/.m2/repository/commons-cli/commons-cli/1.2/commons-cli-1.2.jar:/Users/tmauldin/.m2/repository/xmlenc/xmlenc/0.52/xmlenc-0.52.jar:/Users/tmauldin/.m2/repository/com/sun/jersey/jersey-json/1.8/jersey-json-1.8.jar:/Users/tmauldin/.m2/repository/org/codehaus/jettison/jettison/1.1/jettison-1.1.jar:/Users/tmauldin/.m2/repository/com/sun/xml/bind/jaxb-impl/2.2.3-1/jaxb-impl-2.2.3-1.jar:/Users/tmauldin/.m2/repository/com/sun/jersey/jersey-server/1.8/jersey-server-1.8.jar:/Users/tmauldin/.m2/repository/asm/asm/3.1/asm-3.1.jar:/Users/tmauldin/.m2/repository/commons-io/commons-io/2.1/commons-io-2.1.jar:/Users/tmauldin/.m2/repository/commons-httpclient/commons-httpclient/3.0.1/commons-httpclient-3.0.1.jar:/Users/tmauldin/.m2/repository/commons-codec/commons-codec/1.4/commons-codec-1.4.jar:/Users/tmauldin/.m2/repository/org/apache/commons/commons-math/2.1/commons-math-2.1.jar:/Users/tmauldin/.m2/repository/commons-configuration/commons-configuration/1.6/commons-configuration-1.6.jar:/Users/tmauldin/.m2/repository/commons-digester/commons-digester/1.8/commons-digester-1.8.jar:/Users/tmauldin/.m2/repository/commons-beanutils/commons-beanutils/1.7.0/commons-beanutils-1.7.0.jar:/Users/tmauldin/.m2/repository/commons-beanutils/commons-beanutils-core/1.8.0/commons-beanutils-core-1.8.0.jar:/Users/tmauldin/.m2/repository/commons-net/commons-net/1.4.1/commons-net-1.4.1.jar:/Users/tmauldin/.m2/repository/org/mortbay/jetty/jetty/6.1.26/jetty-6.1.26.jar:/Users/tmauldin/.m2/repository/org/mortbay/jetty/servlet-api/2.5-20081211/servlet-api-2.5-20081211.jar:/Users/tmauldin/.m2/repository/org/mortbay/jetty/jetty-util/6.1.26/jetty-util-6.1.26.jar:/Users/tmauldin/.m2/repository/tomcat/jasper-runtime/5.5.12/jasper-runtime-5.5.12.jar:/Users/tmauldin/.m2/repository/tomcat/jasper-compiler/5.5.12/jasper-compiler-5.5.12.jar:/Users/tmauldin/.m2/repository/org/mortbay/jetty/jsp-api-2.1/6.1.14/jsp-api-2.1-6.1.14.jar:/Users/tmauldin/.m2/repository/org/mortbay/jetty/jsp-2.1/6.1.14/jsp-2.1-6.1.14.jar:/Users/tmauldin/.m2/repository/ant/ant/1.6.5/ant-1.6.5.jar:/Users/tmauldin/.m2/repository/commons-el/commons-el/1.0/commons-el-1.0.jar:/Users/tmauldin/.m2/repository/net/java/dev/jets3t/jets3t/0.6.1/jets3t-0.6.1.jar:/Users/tmauldin/.m2/repository/hsqldb/hsqldb/1.8.0.10/hsqldb-1.8.0.10.jar:/Users/tmauldin/.m2/repository/oro/oro/2.0.8/oro-2.0.8.jar:/Users/tmauldin/.m2/repository/org/eclipse/jdt/core/3.1.1/core-3.1.1.jar:/Users/tmauldin/.m2/repository/org/apache/hadoop/hadoop-test/1.1.2/hadoop-test-1.1.2.jar:/Users/tmauldin/.m2/repository/org/apache/ftpserver/ftplet-api/1.0.0/ftplet-api-1.0.0.jar:/Users/tmauldin/.m2/repository/org/apache/mina/mina-core/2.0.0-M5/mina-core-2.0.0-M5.jar:/Users/tmauldin/.m2/repository/org/apache/ftpserver/ftpserver-core/1.0.0/ftpserver-core-1.0.0.jar:/Users/tmauldin/.m2/repository/org/apache/ftpserver/ftpserver-deprecated/1.0.0-M2/ftpserver-deprecated-1.0.0-M2.jar:/Users/tmauldin/.m2/repository/log4j/log4j/1.2.15/log4j-1.2.15.jar:/Users/tmauldin/.m2/repository/javax/mail/mail/1.4/mail-1.4.jar:/Users/tmauldin/.m2/repository/javax/activation/activation/1.1/activation-1.1.jar:/Users/tmauldin/.m2/repository/com/sun/jersey/jersey-core/1.8/jersey-core-1.8.jar:/Users/tmauldin/.m2/repository/org/codehaus/jackson/jackson-mapper-asl/1.5.2/jackson-mapper-asl-1.5.2.jar:/Users/tmauldin/.m2/repository/org/codehaus/jackson/jackson-core-asl/1.5.2/jackson-core-asl-1.5.2.jar:/Users/tmauldin/.m2/repository/org/apache/mrunit/mrunit/0.8.1-incubating/mrunit-0.8.1-incubating-hadoop100.jar:/Users/tmauldin/.m2/repository/commons-logging/commons-logging/1.1.1/commons-logging-1.1.1.jar:/Users/tmauldin/.m2/repository/org/mockito/mockito-all/1.8.5/mockito-all-1.8.5.jar:/Users/tmauldin/.m2/repository/org/apache/hbase/hbase/0.94.7/hbase-0.94.7.jar:/Users/tmauldin/.m2/repository/com/yammer/metrics/metrics-core/2.1.2/metrics-core-2.1.2.jar:/Users/tmauldin/.m2/repository/com/github/stephenc/high-scale-lib/high-scale-lib/1.1.1/high-scale-lib-1.1.1.jar:/Users/tmauldin/.m2/repository/commons-lang/commons-lang/2.5/commons-lang-2.5.jar:/Users/tmauldin/.m2/repository/org/apache/avro/avro/1.5.3/avro-1.5.3.jar:/Users/tmauldin/.m2/repository/org/xerial/snappy/snappy-java/1.0.3.2/snappy-java-1.0.3.2.jar:/Users/tmauldin/.m2/repository/org/apache/avro/avro-ipc/1.5.3/avro-ipc-1.5.3.jar:/Users/tmauldin/.m2/repository/org/apache/velocity/velocity/1.7/velocity-1.7.jar:/Users/tmauldin/.m2/repository/org/apache/thrift/libthrift/0.8.0/libthrift-0.8.0.jar:/Users/tmauldin/.m2/repository/org/apache/httpcomponents/httpclient/4.1.2/httpclient-4.1.2.jar:/Users/tmauldin/.m2/repository/org/apache/httpcomponents/httpcore/4.1.3/httpcore-4.1.3.jar:/Users/tmauldin/.m2/repository/org/jruby/jruby-complete/1.6.5/jruby-complete-1.6.5.jar:/Users/tmauldin/.m2/repository/org/mortbay/jetty/servlet-api-2.5/6.1.14/servlet-api-2.5-6.1.14.jar:/Users/tmauldin/.m2/repository/org/codehaus/jackson/jackson-jaxrs/1.8.8/jackson-jaxrs-1.8.8.jar:/Users/tmauldin/.m2/repository/org/codehaus/jackson/jackson-xc/1.8.8/jackson-xc-1.8.8.jar:/Users/tmauldin/.m2/repository/org/jamon/jamon-runtime/2.3.1/jamon-runtime-2.3.1.jar:/Users/tmauldin/.m2/repository/com/google/protobuf/protobuf-java/2.4.0a/protobuf-java-2.4.0a.jar:/Users/tmauldin/.m2/repository/javax/xml/bind/jaxb-api/2.1/jaxb-api-2.1.jar:/Users/tmauldin/.m2/repository/stax/stax-api/1.0.1/stax-api-1.0.1.jar:/Users/tmauldin/.m2/repository/org/apache/hive/hive-common/0.8.0/hive-common-0.8.0.jar:/Users/tmauldin/.m2/repository/org/apache/hive/hive-shims/0.8.0/hive-shims-0.8.0.jar:/Users/tmauldin/.m2/repository/commons-logging/commons-logging-api/1.0.4/commons-logging-api-1.0.4.jar:/Users/tmauldin/.m2/repository/org/apache/hive/hive-exec/0.8.0/hive-exec-0.8.0.jar:/Users/tmauldin/.m2/repository/org/apache/hive/hive-metastore/0.8.0/hive-metastore-0.8.0.jar:/Users/tmauldin/.m2/repository/commons-dbcp/commons-dbcp/1.4/commons-dbcp-1.4.jar:/Users/tmauldin/.m2/repository/commons-pool/commons-pool/1.5.4/commons-pool-1.5.4.jar:/Users/tmauldin/.m2/repository/org/apache/thrift/libfb303/0.7.0/libfb303-0.7.0.jar:/Users/tmauldin/.m2/repository/org/apache/hive/hive-serde/0.8.0/hive-serde-0.8.0.jar:/Users/tmauldin/.m2/repository/org/antlr/antlr/3.0.1/antlr-3.0.1.jar:/Users/tmauldin/.m2/repository/org/antlr/stringtemplate/3.1-b1/stringtemplate-3.1-b1.jar:/Users/tmauldin/.m2/repository/antlr/antlr/2.7.7/antlr-2.7.7.jar:/Users/tmauldin/.m2/repository/org/antlr/antlr-runtime/3.0.1/antlr-runtime-3.0.1.jar:/Users/tmauldin/.m2/repository/org/json/json/20090211/json-20090211.jar:/Users/tmauldin/.m2/repository/commons-collections/commons-collections/3.2.1/commons-collections-3.2.1.jar:/Users/tmauldin/.m2/repository/org/apache/derby/derby/10.4.2.0/derby-10.4.2.0.jar:/Users/tmauldin/.m2/repository/org/apache/pig/pig/0.9.1/pig-0.9.1.jar:/Users/tmauldin/.m2/repository/net/sf/kosmosfs/kfs/0.3/kfs-0.3.jar:/Users/tmauldin/.m2/repository/org/apache/hadoop/avro/1.3.2/avro-1.3.2.jar:/Users/tmauldin/.m2/repository/com/thoughtworks/paranamer/paranamer/2.2/paranamer-2.2.jar:/Users/tmauldin/.m2/repository/com/thoughtworks/paranamer/paranamer-ant/2.2/paranamer-ant-2.2.jar:/Users/tmauldin/.m2/repository/com/thoughtworks/paranamer/paranamer-generator/2.2/paranamer-generator-2.2.jar:/Users/tmauldin/.m2/repository/com/thoughtworks/qdox/qdox/1.10.1/qdox-1.10.1.jar:/Users/tmauldin/.m2/repository/org/apache/zookeeper/zookeeper/3.4.2/zookeeper-3.4.2.jar:/Users/tmauldin/.m2/repository/jline/jline/0.9.94/jline-0.9.94.jar:/Users/tmauldin/.m2/repository/org/jboss/netty/netty/3.2.2.Final/netty-3.2.2.Final.jar:/Users/tmauldin/.m2/repository/org/apache/sqoop/sqoop/1.4.0-incubating/sqoop-1.4.0-incubating.jar:/Users/tmauldin/.m2/repository/org/slf4j/slf4j-api/1.5.11/slf4j-api-1.5.11.jar:/Users/tmauldin/.m2/repository/org/slf4j/slf4j-log4j12/1.5.11/slf4j-log4j12-1.5.11.jar:/Users/tmauldin/.m2/repository/junit/junit/4.10/junit-4.10.jar:/Users/tmauldin/.m2/repository/org/hamcrest/hamcrest-core/1.1/hamcrest-core-1.1.jar:/Users/tmauldin/.m2/repository/org/hamcrest/hamcrest-all/1.1/hamcrest-all-1.1.jar:/Users/tmauldin/.m2/repository/junit-addons/junit-addons/1.4/junit-addons-1.4.jar:/Users/tmauldin/.m2/repository/xerces/xercesImpl/2.6.2/xercesImpl-2.6.2.jar:/Users/tmauldin/.m2/repository/xerces/xmlParserAPIs/2.6.2/xmlParserAPIs-2.6.2.jar:/Users/tmauldin/.m2/repository/com/google/guava/guava/11.0.2/guava-11.0.2.jar:/Users/tmauldin/.m2/repository/com/google/code/findbugs/jsr305/1.3.9/jsr305-1.3.9.jar:/Users/tmauldin/.m2/repository/com/googlecode/json-simple/json-simple/1.1.1/json-simple-1.1.1.jar:/Users/tmauldin/.m2/repository/com/google/inject/guice/3.0/guice-3.0.jar:/Users/tmauldin/.m2/repository/javax/inject/javax.inject/1/javax.inject-1.jar:/Users/tmauldin/.m2/repository/aopalliance/aopalliance/1.0/aopalliance-1.0.jar:/Users/tmauldin/.m2/repository/org/apache/commons/commons-math3/3.0/commons-math3-3.0.jar:/Users/tmauldin/.m2/repository/org/apache/commons/commons-exec/1.1/commons-exec-1.1.jar:"/>
    <property name="java.specification.name" value="Java Platform API Specification"/>
    <property name="java.class.version" value="50.0"/>
    <property name="sun.management.compiler" value="HotSpot 64-Bit Tiered Compilers"/>
    <property name="os.version" value="10.8.3"/>
    <property name="http.nonProxyHosts" value="local|*.local|169.254/16|*.169.254/16"/>
    <property name="user.home" value="/Users/tmauldin"/>
    <property name="user.timezone" value=""/>
    <property name="java.awt.printerjob" value="apple.awt.CPrinterJob"/>
    <property name="java.specification.version" value="1.6"/>
    <property name="file.encoding" value="MacRoman"/>
    <property name="user.name" value="tmauldin"/>
    <property name="java.class.path" value="/Users/tmauldin/projects/finance-datamanipulation/target/test-classes:/Users/tmauldin/projects/finance-datamanipulation/target/classes:/Users/tmauldin/.m2/repository/org/apache/hadoop/hadoop-core/1.1.2/hadoop-core-1.1.2.jar:/Users/tmauldin/.m2/repository/commons-cli/commons-cli/1.2/commons-cli-1.2.jar:/Users/tmauldin/.m2/repository/xmlenc/xmlenc/0.52/xmlenc-0.52.jar:/Users/tmauldin/.m2/repository/com/sun/jersey/jersey-json/1.8/jersey-json-1.8.jar:/Users/tmauldin/.m2/repository/org/codehaus/jettison/jettison/1.1/jettison-1.1.jar:/Users/tmauldin/.m2/repository/com/sun/xml/bind/jaxb-impl/2.2.3-1/jaxb-impl-2.2.3-1.jar:/Users/tmauldin/.m2/repository/com/sun/jersey/jersey-server/1.8/jersey-server-1.8.jar:/Users/tmauldin/.m2/repository/asm/asm/3.1/asm-3.1.jar:/Users/tmauldin/.m2/repository/commons-io/commons-io/2.1/commons-io-2.1.jar:/Users/tmauldin/.m2/repository/commons-httpclient/commons-httpclient/3.0.1/commons-httpclient-3.0.1.jar:/Users/tmauldin/.m2/repository/commons-codec/commons-codec/1.4/commons-codec-1.4.jar:/Users/tmauldin/.m2/repository/org/apache/commons/commons-math/2.1/commons-math-2.1.jar:/Users/tmauldin/.m2/repository/commons-configuration/commons-configuration/1.6/commons-configuration-1.6.jar:/Users/tmauldin/.m2/repository/commons-digester/commons-digester/1.8/commons-digester-1.8.jar:/Users/tmauldin/.m2/repository/commons-beanutils/commons-beanutils/1.7.0/commons-beanutils-1.7.0.jar:/Users/tmauldin/.m2/repository/commons-beanutils/commons-beanutils-core/1.8.0/commons-beanutils-core-1.8.0.jar:/Users/tmauldin/.m2/repository/commons-net/commons-net/1.4.1/commons-net-1.4.1.jar:/Users/tmauldin/.m2/repository/org/mortbay/jetty/jetty/6.1.26/jetty-6.1.26.jar:/Users/tmauldin/.m2/repository/org/mortbay/jetty/servlet-api/2.5-20081211/servlet-api-2.5-20081211.jar:/Users/tmauldin/.m2/repository/org/mortbay/jetty/jetty-util/6.1.26/jetty-util-6.1.26.jar:/Users/tmauldin/.m2/repository/tomcat/jasper-runtime/5.5.12/jasper-runtime-5.5.12.jar:/Users/tmauldin/.m2/repository/tomcat/jasper-compiler/5.5.12/jasper-compiler-5.5.12.jar:/Users/tmauldin/.m2/repository/org/mortbay/jetty/jsp-api-2.1/6.1.14/jsp-api-2.1-6.1.14.jar:/Users/tmauldin/.m2/repository/org/mortbay/jetty/jsp-2.1/6.1.14/jsp-2.1-6.1.14.jar:/Users/tmauldin/.m2/repository/ant/ant/1.6.5/ant-1.6.5.jar:/Users/tmauldin/.m2/repository/commons-el/commons-el/1.0/commons-el-1.0.jar:/Users/tmauldin/.m2/repository/net/java/dev/jets3t/jets3t/0.6.1/jets3t-0.6.1.jar:/Users/tmauldin/.m2/repository/hsqldb/hsqldb/1.8.0.10/hsqldb-1.8.0.10.jar:/Users/tmauldin/.m2/repository/oro/oro/2.0.8/oro-2.0.8.jar:/Users/tmauldin/.m2/repository/org/eclipse/jdt/core/3.1.1/core-3.1.1.jar:/Users/tmauldin/.m2/repository/org/apache/hadoop/hadoop-test/1.1.2/hadoop-test-1.1.2.jar:/Users/tmauldin/.m2/repository/org/apache/ftpserver/ftplet-api/1.0.0/ftplet-api-1.0.0.jar:/Users/tmauldin/.m2/repository/org/apache/mina/mina-core/2.0.0-M5/mina-core-2.0.0-M5.jar:/Users/tmauldin/.m2/repository/org/apache/ftpserver/ftpserver-core/1.0.0/ftpserver-core-1.0.0.jar:/Users/tmauldin/.m2/repository/org/apache/ftpserver/ftpserver-deprecated/1.0.0-M2/ftpserver-deprecated-1.0.0-M2.jar:/Users/tmauldin/.m2/repository/log4j/log4j/1.2.15/log4j-1.2.15.jar:/Users/tmauldin/.m2/repository/javax/mail/mail/1.4/mail-1.4.jar:/Users/tmauldin/.m2/repository/javax/activation/activation/1.1/activation-1.1.jar:/Users/tmauldin/.m2/repository/com/sun/jersey/jersey-core/1.8/jersey-core-1.8.jar:/Users/tmauldin/.m2/repository/org/codehaus/jackson/jackson-mapper-asl/1.5.2/jackson-mapper-asl-1.5.2.jar:/Users/tmauldin/.m2/repository/org/codehaus/jackson/jackson-core-asl/1.5.2/jackson-core-asl-1.5.2.jar:/Users/tmauldin/.m2/repository/org/apache/mrunit/mrunit/0.8.1-incubating/mrunit-0.8.1-incubating-hadoop100.jar:/Users/tmauldin/.m2/repository/commons-logging/commons-logging/1.1.1/commons-logging-1.1.1.jar:/Users/tmauldin/.m2/repository/org/mockito/mockito-all/1.8.5/mockito-all-1.8.5.jar:/Users/tmauldin/.m2/repository/org/apache/hbase/hbase/0.94.7/hbase-0.94.7.jar:/Users/tmauldin/.m2/repository/com/yammer/metrics/metrics-core/2.1.2/metrics-core-2.1.2.jar:/Users/tmauldin/.m2/repository/com/github/stephenc/high-scale-lib/high-scale-lib/1.1.1/high-scale-lib-1.1.1.jar:/Users/tmauldin/.m2/repository/commons-lang/commons-lang/2.5/commons-lang-2.5.jar:/Users/tmauldin/.m2/repository/org/apache/avro/avro/1.5.3/avro-1.5.3.jar:/Users/tmauldin/.m2/repository/org/xerial/snappy/snappy-java/1.0.3.2/snappy-java-1.0.3.2.jar:/Users/tmauldin/.m2/repository/org/apache/avro/avro-ipc/1.5.3/avro-ipc-1.5.3.jar:/Users/tmauldin/.m2/repository/org/apache/velocity/velocity/1.7/velocity-1.7.jar:/Users/tmauldin/.m2/repository/org/apache/thrift/libthrift/0.8.0/libthrift-0.8.0.jar:/Users/tmauldin/.m2/repository/org/apache/httpcomponents/httpclient/4.1.2/httpclient-4.1.2.jar:/Users/tmauldin/.m2/repository/org/apache/httpcomponents/httpcore/4.1.3/httpcore-4.1.3.jar:/Users/tmauldin/.m2/repository/org/jruby/jruby-complete/1.6.5/jruby-complete-1.6.5.jar:/Users/tmauldin/.m2/repository/org/mortbay/jetty/servlet-api-2.5/6.1.14/servlet-api-2.5-6.1.14.jar:/Users/tmauldin/.m2/repository/org/codehaus/jackson/jackson-jaxrs/1.8.8/jackson-jaxrs-1.8.8.jar:/Users/tmauldin/.m2/repository/org/codehaus/jackson/jackson-xc/1.8.8/jackson-xc-1.8.8.jar:/Users/tmauldin/.m2/repository/org/jamon/jamon-runtime/2.3.1/jamon-runtime-2.3.1.jar:/Users/tmauldin/.m2/repository/com/google/protobuf/protobuf-java/2.4.0a/protobuf-java-2.4.0a.jar:/Users/tmauldin/.m2/repository/javax/xml/bind/jaxb-api/2.1/jaxb-api-2.1.jar:/Users/tmauldin/.m2/repository/stax/stax-api/1.0.1/stax-api-1.0.1.jar:/Users/tmauldin/.m2/repository/org/apache/hive/hive-common/0.8.0/hive-common-0.8.0.jar:/Users/tmauldin/.m2/repository/org/apache/hive/hive-shims/0.8.0/hive-shims-0.8.0.jar:/Users/tmauldin/.m2/repository/commons-logging/commons-logging-api/1.0.4/commons-logging-api-1.0.4.jar:/Users/tmauldin/.m2/repository/org/apache/hive/hive-exec/0.8.0/hive-exec-0.8.0.jar:/Users/tmauldin/.m2/repository/org/apache/hive/hive-metastore/0.8.0/hive-metastore-0.8.0.jar:/Users/tmauldin/.m2/repository/commons-dbcp/commons-dbcp/1.4/commons-dbcp-1.4.jar:/Users/tmauldin/.m2/repository/commons-pool/commons-pool/1.5.4/commons-pool-1.5.4.jar:/Users/tmauldin/.m2/repository/org/apache/thrift/libfb303/0.7.0/libfb303-0.7.0.jar:/Users/tmauldin/.m2/repository/org/apache/hive/hive-serde/0.8.0/hive-serde-0.8.0.jar:/Users/tmauldin/.m2/repository/org/antlr/antlr/3.0.1/antlr-3.0.1.jar:/Users/tmauldin/.m2/repository/org/antlr/stringtemplate/3.1-b1/stringtemplate-3.1-b1.jar:/Users/tmauldin/.m2/repository/antlr/antlr/2.7.7/antlr-2.7.7.jar:/Users/tmauldin/.m2/repository/org/antlr/antlr-runtime/3.0.1/antlr-runtime-3.0.1.jar:/Users/tmauldin/.m2/repository/org/json/json/20090211/json-20090211.jar:/Users/tmauldin/.m2/repository/commons-collections/commons-collections/3.2.1/commons-collections-3.2.1.jar:/Users/tmauldin/.m2/repository/org/apache/derby/derby/10.4.2.0/derby-10.4.2.0.jar:/Users/tmauldin/.m2/repository/org/apache/pig/pig/0.9.1/pig-0.9.1.jar:/Users/tmauldin/.m2/repository/net/sf/kosmosfs/kfs/0.3/kfs-0.3.jar:/Users/tmauldin/.m2/repository/org/apache/hadoop/avro/1.3.2/avro-1.3.2.jar:/Users/tmauldin/.m2/repository/com/thoughtworks/paranamer/paranamer/2.2/paranamer-2.2.jar:/Users/tmauldin/.m2/repository/com/thoughtworks/paranamer/paranamer-ant/2.2/paranamer-ant-2.2.jar:/Users/tmauldin/.m2/repository/com/thoughtworks/paranamer/paranamer-generator/2.2/paranamer-generator-2.2.jar:/Users/tmauldin/.m2/repository/com/thoughtworks/qdox/qdox/1.10.1/qdox-1.10.1.jar:/Users/tmauldin/.m2/repository/org/apache/zookeeper/zookeeper/3.4.2/zookeeper-3.4.2.jar:/Users/tmauldin/.m2/repository/jline/jline/0.9.94/jline-0.9.94.jar:/Users/tmauldin/.m2/repository/org/jboss/netty/netty/3.2.2.Final/netty-3.2.2.Final.jar:/Users/tmauldin/.m2/repository/org/apache/sqoop/sqoop/1.4.0-incubating/sqoop-1.4.0-incubating.jar:/Users/tmauldin/.m2/repository/org/slf4j/slf4j-api/1.5.11/slf4j-api-1.5.11.jar:/Users/tmauldin/.m2/repository/org/slf4j/slf4j-log4j12/1.5.11/slf4j-log4j12-1.5.11.jar:/Users/tmauldin/.m2/repository/junit/junit/4.10/junit-4.10.jar:/Users/tmauldin/.m2/repository/org/hamcrest/hamcrest-core/1.1/hamcrest-core-1.1.jar:/Users/tmauldin/.m2/repository/org/hamcrest/hamcrest-all/1.1/hamcrest-all-1.1.jar:/Users/tmauldin/.m2/repository/junit-addons/junit-addons/1.4/junit-addons-1.4.jar:/Users/tmauldin/.m2/repository/xerces/xercesImpl/2.6.2/xercesImpl-2.6.2.jar:/Users/tmauldin/.m2/repository/xerces/xmlParserAPIs/2.6.2/xmlParserAPIs-2.6.2.jar:/Users/tmauldin/.m2/repository/com/google/guava/guava/11.0.2/guava-11.0.2.jar:/Users/tmauldin/.m2/repository/com/google/code/findbugs/jsr305/1.3.9/jsr305-1.3.9.jar:/Users/tmauldin/.m2/repository/com/googlecode/json-simple/json-simple/1.1.1/json-simple-1.1.1.jar:/Users/tmauldin/.m2/repository/com/google/inject/guice/3.0/guice-3.0.jar:/Users/tmauldin/.m2/repository/javax/inject/javax.inject/1/javax.inject-1.jar:/Users/tmauldin/.m2/repository/aopalliance/aopalliance/1.0/aopalliance-1.0.jar:/Users/tmauldin/.m2/repository/org/apache/commons/commons-math3/3.0/commons-math3-3.0.jar:/Users/tmauldin/.m2/repository/org/apache/commons/commons-exec/1.1/commons-exec-1.1.jar:"/>
    <property name="java.vm.specification.version" value="1.0"/>
    <property name="sun.arch.data.model" value="64"/>
    <property name="java.home" value="/System/Library/Java/JavaVirtualMachines/1.6.0.jdk/Contents/Home"/>
    <property name="sun.java.command" value="/Users/tmauldin/projects/finance-datamanipulation/target/surefire/surefirebooter7150163701313195377.jar /Users/tmauldin/projects/finance-datamanipulation/target/surefire/surefire6533615161178956641tmp /Users/tmauldin/projects/finance-datamanipulation/target/surefire/surefire6417708736496647026tmp"/>
    <property name="java.specification.vendor" value="Sun Microsystems Inc."/>
    <property name="user.language" value="en"/>
    <property name="awt.toolkit" value="apple.awt.CToolkit"/>
    <property name="java.vm.info" value="mixed mode"/>
    <property name="java.version" value="1.6.0_45"/>
    <property name="java.ext.dirs" value="/Library/Java/Extensions:/System/Library/Java/Extensions:/System/Library/Java/JavaVirtualMachines/1.6.0.jdk/Contents/Home/lib/ext"/>
    <property name="sun.boot.class.path" value="/System/Library/Java/JavaVirtualMachines/1.6.0.jdk/Contents/Classes/jsfd.jar:/System/Library/Java/JavaVirtualMachines/1.6.0.jdk/Contents/Classes/classes.jar:/System/Library/Frameworks/JavaVM.framework/Frameworks/JavaRuntimeSupport.framework/Resources/Java/JavaRuntimeSupport.jar:/System/Library/Java/JavaVirtualMachines/1.6.0.jdk/Contents/Classes/ui.jar:/System/Library/Java/JavaVirtualMachines/1.6.0.jdk/Contents/Classes/laf.jar:/System/Library/Java/JavaVirtualMachines/1.6.0.jdk/Contents/Classes/sunrsasign.jar:/System/Library/Java/JavaVirtualMachines/1.6.0.jdk/Contents/Classes/jsse.jar:/System/Library/Java/JavaVirtualMachines/1.6.0.jdk/Contents/Classes/jce.jar:/System/Library/Java/JavaVirtualMachines/1.6.0.jdk/Contents/Classes/charsets.jar"/>
    <property name="java.vendor" value="Apple Inc."/>
    <property name="localRepository" value="/Users/tmauldin/.m2/repository"/>
    <property name="file.separator" value="/"/>
    <property name="java.vendor.url.bug" value="http://bugreport.apple.com/"/>
    <property name="sun.cpu.endian" value="little"/>
    <property name="sun.io.unicode.encoding" value="UnicodeLittle"/>
    <property name="mrj.version" value="1070.1.6.0_45-451"/>
    <property name="socksNonProxyHosts" value="local|*.local|169.254/16|*.169.254/16"/>
    <property name="ftp.nonProxyHosts" value="local|*.local|169.254/16|*.169.254/16"/>
    <property name="sun.cpu.isalist" value=""/>
  </properties>
  <testcase time="0.001" classname="in.timmauld.finance.taqimport.main.TaqAggregatorJobTest" name="test"/>
</testsuite>